<?xml version="1.0" encoding="UTF-8"?>
<!-- Generated by org.testng.reporters.JUnitXMLReporter -->
<testsuite hostname="WIN-S4H77DMCK6V" name="Default test" tests="5" failures="1" timestamp="12 Sep 2018 15:41:39 GMT" time="0.576" errors="0">
  <testcase name="testHappyPath" time="0.007" classname="business.drh.service.ServiceDrhTest_4_Integration_Test_TestNG_no_tools"/>
  <testcase name="testHappyPath2" time="0.002" classname="business.drh.service.ServiceDrhTest_4_Integration_Test_TestNG_no_tools"/>
  <testcase name="testHappyPath" time="0.026" classname="business.drh.service.ServiceDrhTest_7_Unit_Test_TestNG_mockito"/>
  <testcase name="testHappyPath" time="0.002" classname="business.drh.service.ServiceDrhTest_6_Unit_Test_TestNG_mockito_listener"/>
  <testcase name="testHappyPath" time="0.001" classname="business.drh.service.ServiceDrhTest_5_Integration_Test_TestNG_springtest">
    <failure type="java.lang.RuntimeException" message="ça va pas la tete, l&amp;apos;id de l&amp;apos;employ� n&amp;apos;existe pas enb bd">
      <![CDATA[java.lang.RuntimeException: ça va pas la tete, l'id de l'employ� n'existe pas enb bd
	at business.drh.service.ServiceDrhImpl.payerSalaire(ServiceDrhImpl.java:33)
	at business.drh.service.ServiceDrhTest_5_Integration_Test_TestNG_springtest.testHappyPath(ServiceDrhTest_5_Integration_Test_TestNG_springtest.java:43)
	at sun.reflect.NativeMethodAccessorImpl.invoke0(Native Method)
	at sun.reflect.NativeMethodAccessorImpl.invoke(Unknown Source)
	at sun.reflect.DelegatingMethodAccessorImpl.invoke(Unknown Source)
	at java.lang.reflect.Method.invoke(Unknown Source)
	at org.testng.internal.MethodInvocationHelper.invokeMethod(MethodInvocationHelper.java:86)
	at org.testng.internal.MethodInvocationHelper$1.runTestMethod(MethodInvocationHelper.java:197)
	at org.springframework.test.context.testng.AbstractTestNGSpringContextTests.run(AbstractTestNGSpringContextTests.java:175)
	at org.testng.internal.MethodInvocationHelper.invokeHookable(MethodInvocationHelper.java:209)
	at org.testng.internal.Invoker.invokeMethod(Invoker.java:639)
	at org.testng.internal.Invoker.invokeTestMethod(Invoker.java:820)
	at org.testng.internal.Invoker.invokeTestMethods(Invoker.java:1128)
	at org.testng.internal.TestMethodWorker.invokeTestMethods(TestMethodWorker.java:129)
	at org.testng.internal.TestMethodWorker.run(TestMethodWorker.java:112)
	at org.testng.TestRunner.privateRun(TestRunner.java:782)
	at org.testng.TestRunner.run(TestRunner.java:632)
	at org.testng.SuiteRunner.runTest(SuiteRunner.java:366)
	at org.testng.SuiteRunner.runSequentially(SuiteRunner.java:361)
	at org.testng.SuiteRunner.privateRun(SuiteRunner.java:319)
	at org.testng.SuiteRunner.run(SuiteRunner.java:268)
	at org.testng.SuiteRunnerWorker.runSuite(SuiteRunnerWorker.java:52)
	at org.testng.SuiteRunnerWorker.run(SuiteRunnerWorker.java:86)
	at org.testng.TestNG.runSuitesSequentially(TestNG.java:1244)
	at org.testng.TestNG.runSuitesLocally(TestNG.java:1169)
	at org.testng.TestNG.run(TestNG.java:1064)
	at org.testng.remote.AbstractRemoteTestNG.run(AbstractRemoteTestNG.java:114)
	at org.testng.remote.RemoteTestNG.initAndRun(RemoteTestNG.java:251)
	at org.testng.remote.RemoteTestNG.main(RemoteTestNG.java:77)
]]>
    </failure>
  </testcase> <!-- testHappyPath -->
</testsuite> <!-- Default test -->
